execve("/usr/bin/python3", ["python3", "./hello.py"], 0xffffd7a12a78 /* 25 vars */) = 0
brk(NULL)                               = 0xaaaada6bd000
mmap(NULL, 8192, PROT_READ|PROT_WRITE, MAP_PRIVATE|MAP_ANONYMOUS, -1, 0) = 0xffff850c7000
faccessat(AT_FDCWD, "/etc/ld.so.preload", R_OK) = -1 ENOENT (No such file or directory)
openat(AT_FDCWD, "/etc/ld.so.cache", O_RDONLY|O_CLOEXEC) = 3
newfstatat(3, "", {st_mode=S_IFREG|0644, st_size=22659, ...}, AT_EMPTY_PATH) = 0
mmap(NULL, 22659, PROT_READ, MAP_PRIVATE, 3, 0) = 0xffff850c1000
close(3)                                = 0
openat(AT_FDCWD, "/lib/aarch64-linux-gnu/libm.so.6", O_RDONLY|O_CLOEXEC) = 3
read(3, "\177ELF\2\1\1\0\0\0\0\0\0\0\0\0\3\0\267\0\1\0\0\0\0\0\0\0\0\0\0\0"..., 832) = 832
newfstatat(3, "", {st_mode=S_IFREG|0644, st_size=551064, ...}, AT_EMPTY_PATH) = 0
mmap(NULL, 680048, PROT_NONE, MAP_PRIVATE|MAP_ANONYMOUS, -1, 0) = 0xffff84feb000
mmap(0xffff84ff0000, 614512, PROT_READ|PROT_EXEC, MAP_PRIVATE|MAP_FIXED|MAP_DENYWRITE, 3, 0) = 0xffff84ff0000
munmap(0xffff84feb000, 20480)           = 0
munmap(0xffff85087000, 41072)           = 0
mprotect(0xffff85076000, 61440, PROT_NONE) = 0
mmap(0xffff85085000, 8192, PROT_READ|PROT_WRITE, MAP_PRIVATE|MAP_FIXED|MAP_DENYWRITE, 3, 0x85000) = 0xffff85085000
close(3)                                = 0
openat(AT_FDCWD, "/lib/aarch64-linux-gnu/libexpat.so.1", O_RDONLY|O_CLOEXEC) = 3
read(3, "\177ELF\2\1\1\0\0\0\0\0\0\0\0\0\3\0\267\0\1\0\0\0\0\0\0\0\0\0\0\0"..., 832) = 832
newfstatat(3, "", {st_mode=S_IFREG|0644, st_size=170072, ...}, AT_EMPTY_PATH) = 0
mmap(NULL, 299192, PROT_NONE, MAP_PRIVATE|MAP_ANONYMOUS, -1, 0) = 0xffff84fa6000
mmap(0xffff84fb0000, 233656, PROT_READ|PROT_EXEC, MAP_PRIVATE|MAP_FIXED|MAP_DENYWRITE, 3, 0) = 0xffff84fb0000
munmap(0xffff84fa6000, 40960)           = 0
munmap(0xffff84fea000, 20664)           = 0
mprotect(0xffff84fd7000, 65536, PROT_NONE) = 0
mmap(0xffff84fe7000, 12288, PROT_READ|PROT_WRITE, MAP_PRIVATE|MAP_FIXED|MAP_DENYWRITE, 3, 0x27000) = 0xffff84fe7000
close(3)                                = 0
openat(AT_FDCWD, "/lib/aarch64-linux-gnu/libz.so.1", O_RDONLY|O_CLOEXEC) = 3
read(3, "\177ELF\2\1\1\3\0\0\0\0\0\0\0\0\3\0\267\0\1\0\0\0\0\0\0\0\0\0\0\0"..., 832) = 832
newfstatat(3, "", {st_mode=S_IFREG|0644, st_size=104608, ...}, AT_EMPTY_PATH) = 0
mmap(NULL, 233648, PROT_NONE, MAP_PRIVATE|MAP_ANONYMOUS, -1, 0) = 0xffff84f76000
mmap(0xffff84f80000, 168112, PROT_READ|PROT_EXEC, MAP_PRIVATE|MAP_FIXED|MAP_DENYWRITE, 3, 0) = 0xffff84f80000
munmap(0xffff84f76000, 40960)           = 0
munmap(0xffff84faa000, 20656)           = 0
mprotect(0xffff84f98000, 65536, PROT_NONE) = 0
mmap(0xffff84fa8000, 8192, PROT_READ|PROT_WRITE, MAP_PRIVATE|MAP_FIXED|MAP_DENYWRITE, 3, 0x18000) = 0xffff84fa8000
close(3)                                = 0
openat(AT_FDCWD, "/lib/aarch64-linux-gnu/libc.so.6", O_RDONLY|O_CLOEXEC) = 3
read(3, "\177ELF\2\1\1\3\0\0\0\0\0\0\0\0\3\0\267\0\1\0\0\0\340u\2\0\0\0\0\0"..., 832) = 832
newfstatat(3, "", {st_mode=S_IFREG|0755, st_size=1641496, ...}, AT_EMPTY_PATH) = 0
mmap(NULL, 1810024, PROT_NONE, MAP_PRIVATE|MAP_ANONYMOUS, -1, 0) = 0xffff84dc6000
mmap(0xffff84dd0000, 1744488, PROT_READ|PROT_EXEC, MAP_PRIVATE|MAP_FIXED|MAP_DENYWRITE, 3, 0) = 0xffff84dd0000
munmap(0xffff84dc6000, 40960)           = 0
munmap(0xffff84f7a000, 24168)           = 0
mprotect(0xffff84f59000, 61440, PROT_NONE) = 0
mmap(0xffff84f68000, 24576, PROT_READ|PROT_WRITE, MAP_PRIVATE|MAP_FIXED|MAP_DENYWRITE, 3, 0x188000) = 0xffff84f68000
mmap(0xffff84f6e000, 48744, PROT_READ|PROT_WRITE, MAP_PRIVATE|MAP_FIXED|MAP_ANONYMOUS, -1, 0) = 0xffff84f6e000
close(3)                                = 0
mmap(NULL, 8192, PROT_READ|PROT_WRITE, MAP_PRIVATE|MAP_ANONYMOUS, -1, 0) = 0xffff850bf000
set_tid_address(0xffff850bf4f0)         = 328238
set_robust_list(0xffff850bf500, 24)     = 0
rseq(0xffff850bfbc0, 0x20, 0, 0xd428bc00) = 0
mprotect(0xffff84f68000, 16384, PROT_READ) = 0
mprotect(0xffff84fa8000, 4096, PROT_READ) = 0
mprotect(0xffff84fe7000, 8192, PROT_READ) = 0
mprotect(0xffff85085000, 4096, PROT_READ) = 0
mprotect(0xaaaad29e3000, 28672, PROT_READ) = 0
mprotect(0xffff850cc000, 8192, PROT_READ) = 0
prlimit64(0, RLIMIT_STACK, NULL, {rlim_cur=8192*1024, rlim_max=RLIM64_INFINITY}) = 0
munmap(0xffff850c1000, 22659)           = 0
getrandom("\x92\xce\xab\x94\xfa\x80\x16\x71", 8, GRND_NONBLOCK) = 8
brk(NULL)                               = 0xaaaada6bd000
brk(0xaaaada6de000)                     = 0xaaaada6de000
openat(AT_FDCWD, "/usr/lib/locale/locale-archive", O_RDONLY|O_CLOEXEC) = 3
newfstatat(3, "", {st_mode=S_IFREG|0644, st_size=3048928, ...}, AT_EMPTY_PATH) = 0
mmap(NULL, 3048928, PROT_READ, MAP_PRIVATE, 3, 0) = 0xffff84ae7000
close(3)                                = 0
openat(AT_FDCWD, "/usr/lib/aarch64-linux-gnu/gconv/gconv-modules.cache", O_RDONLY) = 3
newfstatat(3, "", {st_mode=S_IFREG|0644, st_size=27004, ...}, AT_EMPTY_PATH) = 0
mmap(NULL, 27004, PROT_READ, MAP_SHARED, 3, 0) = 0xffff8508b000
close(3)                                = 0
futex(0xffff84f6d89c, FUTEX_WAKE_PRIVATE, 2147483647) = 0
getcwd("/home/ubuntu/study/linux", 4096) = 25
getrandom("\x82\xb0\xbf\x73\xf3\x13\x41\xfb\x84\x55\x39\xa0\x4a\xcb\x89\x04\x9d\x5f\x28\xaf\x56\xeb\xb7\xcf", 24, GRND_NONBLOCK) = 24
mmap(NULL, 1048576, PROT_READ|PROT_WRITE, MAP_PRIVATE|MAP_ANONYMOUS, -1, 0) = 0xffff849e7000
mmap(NULL, 266240, PROT_READ|PROT_WRITE, MAP_PRIVATE|MAP_ANONYMOUS, -1, 0) = 0xffff849a6000
mmap(NULL, 135168, PROT_READ|PROT_WRITE, MAP_PRIVATE|MAP_ANONYMOUS, -1, 0) = 0xffff84985000
brk(0xaaaada6ff000)                     = 0xaaaada6ff000
brk(0xaaaada721000)                     = 0xaaaada721000
newfstatat(AT_FDCWD, "/usr/local/sbin/python3", 0xffffe2460750, 0) = -1 ENOENT (No such file or directory)
newfstatat(AT_FDCWD, "/usr/local/bin/python3", 0xffffe2460750, 0) = -1 ENOENT (No such file or directory)
newfstatat(AT_FDCWD, "/usr/sbin/python3", 0xffffe2460750, 0) = -1 ENOENT (No such file or directory)
newfstatat(AT_FDCWD, "/usr/bin/python3", {st_mode=S_IFREG|0755, st_size=5672088, ...}, 0) = 0
readlinkat(AT_FDCWD, "/usr/bin/python3", "python3.10", 4096) = 10
readlinkat(AT_FDCWD, "/usr/bin/python3.10", 0xffffe245b530, 4096) = -1 EINVAL (Invalid argument)
openat(AT_FDCWD, "/usr/bin/pyvenv.cfg", O_RDONLY) = -1 ENOENT (No such file or directory)
openat(AT_FDCWD, "/usr/pyvenv.cfg", O_RDONLY) = -1 ENOENT (No such file or directory)
newfstatat(AT_FDCWD, "/usr/bin/Modules/Setup.local", 0xffffe245c500, 0) = -1 ENOENT (No such file or directory)
newfstatat(AT_FDCWD, "/usr/bin/lib/python3.10/os.py", 0xffffe245c3f0, 0) = -1 ENOENT (No such file or directory)
newfstatat(AT_FDCWD, "/usr/bin/lib/python3.10/os.pyc", 0xffffe245c3f0, 0) = -1 ENOENT (No such file or directory)
newfstatat(AT_FDCWD, "/usr/lib/python3.10/os.py", {st_mode=S_IFREG|0644, st_size=39557, ...}, 0) = 0
openat(AT_FDCWD, "/usr/bin/pybuilddir.txt", O_RDONLY) = -1 ENOENT (No such file or directory)
newfstatat(AT_FDCWD, "/usr/bin/lib/python3.10/lib-dynload", 0xffffe245b580, 0) = -1 ENOENT (No such file or directory)
newfstatat(AT_FDCWD, "/usr/lib/python3.10/lib-dynload", {st_mode=S_IFDIR|0755, st_size=4096, ...}, 0) = 0
mmap(NULL, 1048576, PROT_READ|PROT_WRITE, MAP_PRIVATE|MAP_ANONYMOUS, -1, 0) = 0xffff84885000
sysinfo({uptime=952352, loads=[36096, 45280, 46848], totalram=8186249216, freeram=2952458240, sharedram=4984832, bufferram=161734656, totalswap=0, freeswap=0, procs=496, totalhigh=0, freehigh=0, mem_unit=1}) = 0
openat(AT_FDCWD, "/etc/localtime", O_RDONLY|O_CLOEXEC) = 3
newfstatat(3, "", {st_mode=S_IFREG|0644, st_size=114, ...}, AT_EMPTY_PATH) = 0
newfstatat(3, "", {st_mode=S_IFREG|0644, st_size=114, ...}, AT_EMPTY_PATH) = 0
brk(0xaaaada742000)                     = 0xaaaada742000
read(3, "TZif2\0\0\0\0\0\0\0\0\0\0\0\0\0\0\0\0\0\0\0\0\0\0\0\0\0\0\0"..., 4096) = 114
lseek(3, -60, SEEK_CUR)                 = 54
read(3, "TZif2\0\0\0\0\0\0\0\0\0\0\0\0\0\0\0\0\0\0\0\0\0\0\0\0\0\0\0"..., 4096) = 60
close(3)                                = 0
brk(0xaaaada741000)                     = 0xaaaada741000
newfstatat(AT_FDCWD, "/usr/lib/python310.zip", 0xffffe245ed60, 0) = -1 ENOENT (No such file or directory)
newfstatat(AT_FDCWD, "/usr/lib", {st_mode=S_IFDIR|0755, st_size=4096, ...}, 0) = 0
newfstatat(AT_FDCWD, "/usr/lib/python310.zip", 0xffffe245eaf0, 0) = -1 ENOENT (No such file or directory)
newfstatat(AT_FDCWD, "/usr/lib/python3.10", {st_mode=S_IFDIR|0755, st_size=4096, ...}, 0) = 0
newfstatat(AT_FDCWD, "/usr/lib/python3.10", {st_mode=S_IFDIR|0755, st_size=4096, ...}, 0) = 0
newfstatat(AT_FDCWD, "/usr/lib/python3.10", {st_mode=S_IFDIR|0755, st_size=4096, ...}, 0) = 0
openat(AT_FDCWD, "/usr/lib/python3.10", O_RDONLY|O_NONBLOCK|O_CLOEXEC|O_DIRECTORY) = 3
newfstatat(3, "", {st_mode=S_IFDIR|0755, st_size=4096, ...}, AT_EMPTY_PATH) = 0
getdents64(3, 0xaaaada7223b0 /* 205 entries */, 32768) = 6864
getdents64(3, 0xaaaada7223b0 /* 0 entries */, 32768) = 0
close(3)                                = 0
newfstatat(AT_FDCWD, "/usr/lib/python3.10/encodings/__init__.cpython-310-aarch64-linux-gnu.so", 0xffffe245ef10, 0) = -1 ENOENT (No such file or directory)
newfstatat(AT_FDCWD, "/usr/lib/python3.10/encodings/__init__.abi3.so", 0xffffe245ef10, 0) = -1 ENOENT (No such file or directory)
newfstatat(AT_FDCWD, "/usr/lib/python3.10/encodings/__init__.so", 0xffffe245ef10, 0) = -1 ENOENT (No such file or directory)
newfstatat(AT_FDCWD, "/usr/lib/python3.10/encodings/__init__.py", {st_mode=S_IFREG|0644, st_size=5620, ...}, 0) = 0
newfstatat(AT_FDCWD, "/usr/lib/python3.10/encodings/__init__.py", {st_mode=S_IFREG|0644, st_size=5620, ...}, 0) = 0
openat(AT_FDCWD, "/usr/lib/python3.10/encodings/__pycache__/__init__.cpython-310.pyc", O_RDONLY|O_CLOEXEC) = 3
fcntl(3, F_GETFD)                       = 0x1 (flags FD_CLOEXEC)
newfstatat(3, "", {st_mode=S_IFREG|0644, st_size=3875, ...}, AT_EMPTY_PATH) = 0
ioctl(3, TCGETS, 0xffffe245f0f0)        = -1 ENOTTY (Inappropriate ioctl for device)
lseek(3, 0, SEEK_CUR)                   = 0
lseek(3, 0, SEEK_CUR)                   = 0
newfstatat(3, "", {st_mode=S_IFREG|0644, st_size=3875, ...}, AT_EMPTY_PATH) = 0
read(3, "o\r\r\n\0\0\0\0\4[\205d\364\25\0\0\343\0\0\0\0\0\0\0\0\0\0\0\0\0\0\0"..., 3876) = 3875
read(3, "", 1)                          = 0
close(3)                                = 0
newfstatat(AT_FDCWD, "/usr/lib/python3.10", {st_mode=S_IFDIR|0755, st_size=4096, ...}, 0) = 0
newfstatat(AT_FDCWD, "/usr/lib/python3.10/codecs.py", {st_mode=S_IFREG|0644, st_size=36714, ...}, 0) = 0
newfstatat(AT_FDCWD, "/usr/lib/python3.10/codecs.py", {st_mode=S_IFREG|0644, st_size=36714, ...}, 0) = 0
openat(AT_FDCWD, "/usr/lib/python3.10/__pycache__/codecs.cpython-310.pyc", O_RDONLY|O_CLOEXEC) = 3
newfstatat(3, "", {st_mode=S_IFREG|0644, st_size=33219, ...}, AT_EMPTY_PATH) = 0
ioctl(3, TCGETS, 0xffffe245e240)        = -1 ENOTTY (Inappropriate ioctl for device)
lseek(3, 0, SEEK_CUR)                   = 0
lseek(3, 0, SEEK_CUR)                   = 0
newfstatat(3, "", {st_mode=S_IFREG|0644, st_size=33219, ...}, AT_EMPTY_PATH) = 0
read(3, "o\r\r\n\0\0\0\0\4[\205dj\217\0\0\343\0\0\0\0\0\0\0\0\0\0\0\0\0\0\0"..., 33220) = 33219
read(3, "", 1)                          = 0
close(3)                                = 0
newfstatat(AT_FDCWD, "/usr/lib/python3.10/encodings", {st_mode=S_IFDIR|0755, st_size=4096, ...}, 0) = 0
newfstatat(AT_FDCWD, "/usr/lib/python3.10/encodings", {st_mode=S_IFDIR|0755, st_size=4096, ...}, 0) = 0
newfstatat(AT_FDCWD, "/usr/lib/python3.10/encodings", {st_mode=S_IFDIR|0755, st_size=4096, ...}, 0) = 0
openat(AT_FDCWD, "/usr/lib/python3.10/encodings", O_RDONLY|O_NONBLOCK|O_CLOEXEC|O_DIRECTORY) = 3
newfstatat(3, "", {st_mode=S_IFDIR|0755, st_size=4096, ...}, AT_EMPTY_PATH) = 0
getdents64(3, 0xaaaada730900 /* 125 entries */, 32768) = 4224
getdents64(3, 0xaaaada730900 /* 0 entries */, 32768) = 0
close(3)                                = 0
newfstatat(AT_FDCWD, "/usr/lib/python3.10/encodings/aliases.py", {st_mode=S_IFREG|0644, st_size=15677, ...}, 0) = 0
newfstatat(AT_FDCWD, "/usr/lib/python3.10/encodings/aliases.py", {st_mode=S_IFREG|0644, st_size=15677, ...}, 0) = 0
openat(AT_FDCWD, "/usr/lib/python3.10/encodings/__pycache__/aliases.cpython-310.pyc", O_RDONLY|O_CLOEXEC) = 3
newfstatat(3, "", {st_mode=S_IFREG|0644, st_size=10921, ...}, AT_EMPTY_PATH) = 0
ioctl(3, TCGETS, 0xffffe245db30)        = -1 ENOTTY (Inappropriate ioctl for device)
lseek(3, 0, SEEK_CUR)                   = 0
lseek(3, 0, SEEK_CUR)                   = 0
newfstatat(3, "", {st_mode=S_IFREG|0644, st_size=10921, ...}, AT_EMPTY_PATH) = 0
read(3, "o\r\r\n\0\0\0\0\4[\205d==\0\0\343\0\0\0\0\0\0\0\0\0\0\0\0\0\0\0"..., 10922) = 10921
read(3, "", 1)                          = 0
close(3)                                = 0
newfstatat(AT_FDCWD, "/usr/lib/python3.10/encodings", {st_mode=S_IFDIR|0755, st_size=4096, ...}, 0) = 0
newfstatat(AT_FDCWD, "/usr/lib/python3.10/encodings/utf_8.py", {st_mode=S_IFREG|0644, st_size=1005, ...}, 0) = 0
newfstatat(AT_FDCWD, "/usr/lib/python3.10/encodings/utf_8.py", {st_mode=S_IFREG|0644, st_size=1005, ...}, 0) = 0
openat(AT_FDCWD, "/usr/lib/python3.10/encodings/__pycache__/utf_8.cpython-310.pyc", O_RDONLY|O_CLOEXEC) = 3
newfstatat(3, "", {st_mode=S_IFREG|0644, st_size=1597, ...}, AT_EMPTY_PATH) = 0
ioctl(3, TCGETS, 0xffffe245f170)        = -1 ENOTTY (Inappropriate ioctl for device)
lseek(3, 0, SEEK_CUR)                   = 0
lseek(3, 0, SEEK_CUR)                   = 0
newfstatat(3, "", {st_mode=S_IFREG|0644, st_size=1597, ...}, AT_EMPTY_PATH) = 0
read(3, "o\r\r\n\0\0\0\0\4[\205d\355\3\0\0\343\0\0\0\0\0\0\0\0\0\0\0\0\0\0\0"..., 1598) = 1597
read(3, "", 1)                          = 0
close(3)                                = 0
rt_sigaction(SIGPIPE, {sa_handler=SIG_IGN, sa_mask=[], sa_flags=SA_ONSTACK}, {sa_handler=SIG_DFL, sa_mask=[], sa_flags=0}, 8) = 0
rt_sigaction(SIGXFSZ, {sa_handler=SIG_IGN, sa_mask=[], sa_flags=SA_ONSTACK}, {sa_handler=SIG_DFL, sa_mask=[], sa_flags=0}, 8) = 0
rt_sigaction(SIGHUP, NULL, {sa_handler=SIG_DFL, sa_mask=[], sa_flags=0}, 8) = 0
rt_sigaction(SIGINT, NULL, {sa_handler=SIG_DFL, sa_mask=[], sa_flags=0}, 8) = 0
rt_sigaction(SIGQUIT, NULL, {sa_handler=SIG_DFL, sa_mask=[], sa_flags=0}, 8) = 0
rt_sigaction(SIGILL, NULL, {sa_handler=SIG_DFL, sa_mask=[], sa_flags=0}, 8) = 0
rt_sigaction(SIGTRAP, NULL, {sa_handler=SIG_DFL, sa_mask=[], sa_flags=0}, 8) = 0
rt_sigaction(SIGABRT, NULL, {sa_handler=SIG_DFL, sa_mask=[], sa_flags=0}, 8) = 0
rt_sigaction(SIGBUS, NULL, {sa_handler=SIG_DFL, sa_mask=[], sa_flags=0}, 8) = 0
rt_sigaction(SIGFPE, NULL, {sa_handler=SIG_DFL, sa_mask=[], sa_flags=0}, 8) = 0
rt_sigaction(SIGKILL, NULL, {sa_handler=SIG_DFL, sa_mask=[], sa_flags=0}, 8) = 0
rt_sigaction(SIGUSR1, NULL, {sa_handler=SIG_DFL, sa_mask=[], sa_flags=0}, 8) = 0
rt_sigaction(SIGSEGV, NULL, {sa_handler=SIG_DFL, sa_mask=[], sa_flags=0}, 8) = 0
rt_sigaction(SIGUSR2, NULL, {sa_handler=SIG_DFL, sa_mask=[], sa_flags=0}, 8) = 0
rt_sigaction(SIGPIPE, NULL, {sa_handler=SIG_IGN, sa_mask=[], sa_flags=SA_ONSTACK}, 8) = 0
rt_sigaction(SIGALRM, NULL, {sa_handler=SIG_DFL, sa_mask=[], sa_flags=0}, 8) = 0
rt_sigaction(SIGTERM, NULL, {sa_handler=SIG_DFL, sa_mask=[], sa_flags=0}, 8) = 0
rt_sigaction(SIGSTKFLT, NULL, {sa_handler=SIG_DFL, sa_mask=[], sa_flags=0}, 8) = 0
rt_sigaction(SIGCHLD, NULL, {sa_handler=SIG_DFL, sa_mask=[], sa_flags=0}, 8) = 0
rt_sigaction(SIGCONT, NULL, {sa_handler=SIG_DFL, sa_mask=[], sa_flags=0}, 8) = 0
rt_sigaction(SIGSTOP, NULL, {sa_handler=SIG_DFL, sa_mask=[], sa_flags=0}, 8) = 0
rt_sigaction(SIGTSTP, NULL, {sa_handler=SIG_DFL, sa_mask=[], sa_flags=0}, 8) = 0
rt_sigaction(SIGTTIN, NULL, {sa_handler=SIG_DFL, sa_mask=[], sa_flags=0}, 8) = 0
rt_sigaction(SIGTTOU, NULL, {sa_handler=SIG_DFL, sa_mask=[], sa_flags=0}, 8) = 0
rt_sigaction(SIGURG, NULL, {sa_handler=SIG_DFL, sa_mask=[], sa_flags=0}, 8) = 0
rt_sigaction(SIGXCPU, NULL, {sa_handler=SIG_DFL, sa_mask=[], sa_flags=0}, 8) = 0
rt_sigaction(SIGXFSZ, NULL, {sa_handler=SIG_IGN, sa_mask=[], sa_flags=SA_ONSTACK}, 8) = 0
rt_sigaction(SIGVTALRM, NULL, {sa_handler=SIG_DFL, sa_mask=[], sa_flags=0}, 8) = 0
rt_sigaction(SIGPROF, NULL, {sa_handler=SIG_DFL, sa_mask=[], sa_flags=0}, 8) = 0
rt_sigaction(SIGWINCH, NULL, {sa_handler=SIG_DFL, sa_mask=[], sa_flags=0}, 8) = 0
rt_sigaction(SIGIO, NULL, {sa_handler=SIG_DFL, sa_mask=[], sa_flags=0}, 8) = 0
rt_sigaction(SIGPWR, NULL, {sa_handler=SIG_DFL, sa_mask=[], sa_flags=0}, 8) = 0
rt_sigaction(SIGSYS, NULL, {sa_handler=SIG_DFL, sa_mask=[], sa_flags=0}, 8) = 0
rt_sigaction(SIGRT_2, NULL, {sa_handler=SIG_DFL, sa_mask=[], sa_flags=0}, 8) = 0
rt_sigaction(SIGRT_3, NULL, {sa_handler=SIG_DFL, sa_mask=[], sa_flags=0}, 8) = 0
rt_sigaction(SIGRT_4, NULL, {sa_handler=SIG_DFL, sa_mask=[], sa_flags=0}, 8) = 0
rt_sigaction(SIGRT_5, NULL, {sa_handler=SIG_DFL, sa_mask=[], sa_flags=0}, 8) = 0
rt_sigaction(SIGRT_6, NULL, {sa_handler=SIG_DFL, sa_mask=[], sa_flags=0}, 8) = 0
rt_sigaction(SIGRT_7, NULL, {sa_handler=SIG_DFL, sa_mask=[], sa_flags=0}, 8) = 0
rt_sigaction(SIGRT_8, NULL, {sa_handler=SIG_DFL, sa_mask=[], sa_flags=0}, 8) = 0
rt_sigaction(SIGRT_9, NULL, {sa_handler=SIG_DFL, sa_mask=[], sa_flags=0}, 8) = 0
rt_sigaction(SIGRT_10, NULL, {sa_handler=SIG_DFL, sa_mask=[], sa_flags=0}, 8) = 0
rt_sigaction(SIGRT_11, NULL, {sa_handler=SIG_DFL, sa_mask=[], sa_flags=0}, 8) = 0
rt_sigaction(SIGRT_12, NULL, {sa_handler=SIG_DFL, sa_mask=[], sa_flags=0}, 8) = 0
rt_sigaction(SIGRT_13, NULL, {sa_handler=SIG_DFL, sa_mask=[], sa_flags=0}, 8) = 0
rt_sigaction(SIGRT_14, NULL, {sa_handler=SIG_DFL, sa_mask=[], sa_flags=0}, 8) = 0
rt_sigaction(SIGRT_15, NULL, {sa_handler=SIG_DFL, sa_mask=[], sa_flags=0}, 8) = 0
rt_sigaction(SIGRT_16, NULL, {sa_handler=SIG_DFL, sa_mask=[], sa_flags=0}, 8) = 0
rt_sigaction(SIGRT_17, NULL, {sa_handler=SIG_DFL, sa_mask=[], sa_flags=0}, 8) = 0
rt_sigaction(SIGRT_18, NULL, {sa_handler=SIG_DFL, sa_mask=[], sa_flags=0}, 8) = 0
rt_sigaction(SIGRT_19, NULL, {sa_handler=SIG_DFL, sa_mask=[], sa_flags=0}, 8) = 0
rt_sigaction(SIGRT_20, NULL, {sa_handler=SIG_DFL, sa_mask=[], sa_flags=0}, 8) = 0
rt_sigaction(SIGRT_21, NULL, {sa_handler=SIG_DFL, sa_mask=[], sa_flags=0}, 8) = 0
rt_sigaction(SIGRT_22, NULL, {sa_handler=SIG_DFL, sa_mask=[], sa_flags=0}, 8) = 0
rt_sigaction(SIGRT_23, NULL, {sa_handler=SIG_DFL, sa_mask=[], sa_flags=0}, 8) = 0
rt_sigaction(SIGRT_24, NULL, {sa_handler=SIG_DFL, sa_mask=[], sa_flags=0}, 8) = 0
rt_sigaction(SIGRT_25, NULL, {sa_handler=SIG_DFL, sa_mask=[], sa_flags=0}, 8) = 0
rt_sigaction(SIGRT_26, NULL, {sa_handler=SIG_DFL, sa_mask=[], sa_flags=0}, 8) = 0
rt_sigaction(SIGRT_27, NULL, {sa_handler=SIG_DFL, sa_mask=[], sa_flags=0}, 8) = 0
rt_sigaction(SIGRT_28, NULL, {sa_handler=SIG_DFL, sa_mask=[], sa_flags=0}, 8) = 0
rt_sigaction(SIGRT_29, NULL, {sa_handler=SIG_DFL, sa_mask=[], sa_flags=0}, 8) = 0
rt_sigaction(SIGRT_30, NULL, {sa_handler=SIG_DFL, sa_mask=[], sa_flags=0}, 8) = 0
rt_sigaction(SIGRT_31, NULL, {sa_handler=SIG_DFL, sa_mask=[], sa_flags=0}, 8) = 0
rt_sigaction(SIGRT_32, NULL, {sa_handler=SIG_DFL, sa_mask=[], sa_flags=0}, 8) = 0
rt_sigaction(SIGINT, {sa_handler=0xaaaad26fe1b0, sa_mask=[], sa_flags=SA_ONSTACK}, {sa_handler=SIG_DFL, sa_mask=[], sa_flags=0}, 8) = 0
newfstatat(0, "", {st_mode=S_IFCHR|0620, st_rdev=makedev(0x88, 0), ...}, AT_EMPTY_PATH) = 0
newfstatat(AT_FDCWD, "/usr/lib/python3.10", {st_mode=S_IFDIR|0755, st_size=4096, ...}, 0) = 0
newfstatat(AT_FDCWD, "/usr/lib/python3.10/io.py", {st_mode=S_IFREG|0644, st_size=4196, ...}, 0) = 0
newfstatat(AT_FDCWD, "/usr/lib/python3.10/io.py", {st_mode=S_IFREG|0644, st_size=4196, ...}, 0) = 0
openat(AT_FDCWD, "/usr/lib/python3.10/__pycache__/io.cpython-310.pyc", O_RDONLY|O_CLOEXEC) = 3
newfstatat(3, "", {st_mode=S_IFREG|0644, st_size=3663, ...}, AT_EMPTY_PATH) = 0
ioctl(3, TCGETS, 0xffffe245f1f0)        = -1 ENOTTY (Inappropriate ioctl for device)
lseek(3, 0, SEEK_CUR)                   = 0
lseek(3, 0, SEEK_CUR)                   = 0
newfstatat(3, "", {st_mode=S_IFREG|0644, st_size=3663, ...}, AT_EMPTY_PATH) = 0
read(3, "o\r\r\n\0\0\0\0\4[\205dd\20\0\0\343\0\0\0\0\0\0\0\0\0\0\0\0\0\0\0"..., 3664) = 3663
read(3, "", 1)                          = 0
close(3)                                = 0
newfstatat(AT_FDCWD, "/usr/lib/python3.10", {st_mode=S_IFDIR|0755, st_size=4096, ...}, 0) = 0
newfstatat(AT_FDCWD, "/usr/lib/python3.10/abc.py", {st_mode=S_IFREG|0644, st_size=6522, ...}, 0) = 0
newfstatat(AT_FDCWD, "/usr/lib/python3.10/abc.py", {st_mode=S_IFREG|0644, st_size=6522, ...}, 0) = 0
openat(AT_FDCWD, "/usr/lib/python3.10/__pycache__/abc.cpython-310.pyc", O_RDONLY|O_CLOEXEC) = 3
newfstatat(3, "", {st_mode=S_IFREG|0644, st_size=6751, ...}, AT_EMPTY_PATH) = 0
ioctl(3, TCGETS, 0xffffe245e340)        = -1 ENOTTY (Inappropriate ioctl for device)
lseek(3, 0, SEEK_CUR)                   = 0
lseek(3, 0, SEEK_CUR)                   = 0
newfstatat(3, "", {st_mode=S_IFREG|0644, st_size=6751, ...}, AT_EMPTY_PATH) = 0
read(3, "o\r\r\n\0\0\0\0\4[\205dz\31\0\0\343\0\0\0\0\0\0\0\0\0\0\0\0\0\0\0"..., 6752) = 6751
read(3, "", 1)                          = 0
close(3)                                = 0
dup(0)                                  = 3
close(3)                                = 0
newfstatat(0, "", {st_mode=S_IFCHR|0620, st_rdev=makedev(0x88, 0), ...}, AT_EMPTY_PATH) = 0
ioctl(0, TCGETS, {B38400 opost isig icanon echo ...}) = 0
lseek(0, 0, SEEK_CUR)                   = -1 ESPIPE (Illegal seek)
ioctl(0, TCGETS, {B38400 opost isig icanon echo ...}) = 0
dup(1)                                  = 3
close(3)                                = 0
newfstatat(1, "", {st_mode=S_IFCHR|0620, st_rdev=makedev(0x88, 0), ...}, AT_EMPTY_PATH) = 0
ioctl(1, TCGETS, {B38400 opost isig icanon echo ...}) = 0
lseek(1, 0, SEEK_CUR)                   = -1 ESPIPE (Illegal seek)
ioctl(1, TCGETS, {B38400 opost isig icanon echo ...}) = 0
dup(2)                                  = 3
close(3)                                = 0
newfstatat(2, "", {st_mode=S_IFCHR|0620, st_rdev=makedev(0x88, 0), ...}, AT_EMPTY_PATH) = 0
ioctl(2, TCGETS, {B38400 opost isig icanon echo ...}) = 0
lseek(2, 0, SEEK_CUR)                   = -1 ESPIPE (Illegal seek)
ioctl(2, TCGETS, {B38400 opost isig icanon echo ...}) = 0
newfstatat(AT_FDCWD, "/usr/lib/python3.10", {st_mode=S_IFDIR|0755, st_size=4096, ...}, 0) = 0
newfstatat(AT_FDCWD, "/usr/lib/python3.10/site.py", {st_mode=S_IFREG|0644, st_size=23667, ...}, 0) = 0
newfstatat(AT_FDCWD, "/usr/lib/python3.10/site.py", {st_mode=S_IFREG|0644, st_size=23667, ...}, 0) = 0
openat(AT_FDCWD, "/usr/lib/python3.10/__pycache__/site.cpython-310.pyc", O_RDONLY|O_CLOEXEC) = 3
newfstatat(3, "", {st_mode=S_IFREG|0644, st_size=17922, ...}, AT_EMPTY_PATH) = 0
ioctl(3, TCGETS, 0xffffe245f1f0)        = -1 ENOTTY (Inappropriate ioctl for device)
lseek(3, 0, SEEK_CUR)                   = 0
lseek(3, 0, SEEK_CUR)                   = 0
newfstatat(3, "", {st_mode=S_IFREG|0644, st_size=17922, ...}, AT_EMPTY_PATH) = 0
brk(0xaaaada762000)                     = 0xaaaada762000
read(3, "o\r\r\n\0\0\0\0\4[\205ds\\\0\0\343\0\0\0\0\0\0\0\0\0\0\0\0\0\0\0"..., 17923) = 17922
read(3, "", 1)                          = 0
close(3)                                = 0
brk(0xaaaada75d000)                     = 0xaaaada75d000
newfstatat(AT_FDCWD, "/usr/lib/python3.10", {st_mode=S_IFDIR|0755, st_size=4096, ...}, 0) = 0
newfstatat(AT_FDCWD, "/usr/lib/python3.10/os.py", {st_mode=S_IFREG|0644, st_size=39557, ...}, 0) = 0
newfstatat(AT_FDCWD, "/usr/lib/python3.10/os.py", {st_mode=S_IFREG|0644, st_size=39557, ...}, 0) = 0
openat(AT_FDCWD, "/usr/lib/python3.10/__pycache__/os.cpython-310.pyc", O_RDONLY|O_CLOEXEC) = 3
newfstatat(3, "", {st_mode=S_IFREG|0644, st_size=31599, ...}, AT_EMPTY_PATH) = 0
ioctl(3, TCGETS, 0xffffe245e340)        = -1 ENOTTY (Inappropriate ioctl for device)
lseek(3, 0, SEEK_CUR)                   = 0
lseek(3, 0, SEEK_CUR)                   = 0
newfstatat(3, "", {st_mode=S_IFREG|0644, st_size=31599, ...}, AT_EMPTY_PATH) = 0
read(3, "o\r\r\n\0\0\0\0\4[\205d\205\232\0\0\343\0\0\0\0\0\0\0\0\0\0\0\0\0\0\0"..., 31600) = 31599
read(3, "", 1)                          = 0
close(3)                                = 0
mmap(NULL, 151552, PROT_READ|PROT_WRITE, MAP_PRIVATE|MAP_ANONYMOUS, -1, 0) = 0xffff84860000
newfstatat(AT_FDCWD, "/usr/lib/python3.10", {st_mode=S_IFDIR|0755, st_size=4096, ...}, 0) = 0
newfstatat(AT_FDCWD, "/usr/lib/python3.10/stat.py", {st_mode=S_IFREG|0644, st_size=5485, ...}, 0) = 0
newfstatat(AT_FDCWD, "/usr/lib/python3.10/stat.py", {st_mode=S_IFREG|0644, st_size=5485, ...}, 0) = 0
openat(AT_FDCWD, "/usr/lib/python3.10/__pycache__/stat.cpython-310.pyc", O_RDONLY|O_CLOEXEC) = 3
newfstatat(3, "", {st_mode=S_IFREG|0644, st_size=4273, ...}, AT_EMPTY_PATH) = 0
ioctl(3, TCGETS, 0xffffe245d490)        = -1 ENOTTY (Inappropriate ioctl for device)
lseek(3, 0, SEEK_CUR)                   = 0
lseek(3, 0, SEEK_CUR)                   = 0
newfstatat(3, "", {st_mode=S_IFREG|0644, st_size=4273, ...}, AT_EMPTY_PATH) = 0
read(3, "o\r\r\n\0\0\0\0\4[\205dm\25\0\0\343\0\0\0\0\0\0\0\0\0\0\0\0\0\0\0"..., 4274) = 4273
read(3, "", 1)                          = 0
close(3)                                = 0
newfstatat(AT_FDCWD, "/usr/lib/python3.10", {st_mode=S_IFDIR|0755, st_size=4096, ...}, 0) = 0
newfstatat(AT_FDCWD, "/usr/lib/python3.10/_collections_abc.py", {st_mode=S_IFREG|0644, st_size=32284, ...}, 0) = 0
newfstatat(AT_FDCWD, "/usr/lib/python3.10/_collections_abc.py", {st_mode=S_IFREG|0644, st_size=32284, ...}, 0) = 0
openat(AT_FDCWD, "/usr/lib/python3.10/__pycache__/_collections_abc.cpython-310.pyc", O_RDONLY|O_CLOEXEC) = 3
newfstatat(3, "", {st_mode=S_IFREG|0644, st_size=32925, ...}, AT_EMPTY_PATH) = 0
ioctl(3, TCGETS, 0xffffe245d490)        = -1 ENOTTY (Inappropriate ioctl for device)
lseek(3, 0, SEEK_CUR)                   = 0
lseek(3, 0, SEEK_CUR)                   = 0
newfstatat(3, "", {st_mode=S_IFREG|0644, st_size=32925, ...}, AT_EMPTY_PATH) = 0
read(3, "o\r\r\n\0\0\0\0\4[\205d\34~\0\0\343\0\0\0\0\0\0\0\0\0\0\0\0\0\0\0"..., 32926) = 32925
read(3, "", 1)                          = 0
close(3)                                = 0
newfstatat(AT_FDCWD, "/usr/lib/python3.10", {st_mode=S_IFDIR|0755, st_size=4096, ...}, 0) = 0
newfstatat(AT_FDCWD, "/usr/lib/python3.10/posixpath.py", {st_mode=S_IFREG|0644, st_size=16250, ...}, 0) = 0
newfstatat(AT_FDCWD, "/usr/lib/python3.10/posixpath.py", {st_mode=S_IFREG|0644, st_size=16250, ...}, 0) = 0
openat(AT_FDCWD, "/usr/lib/python3.10/__pycache__/posixpath.cpython-310.pyc", O_RDONLY|O_CLOEXEC) = 3
newfstatat(3, "", {st_mode=S_IFREG|0644, st_size=10530, ...}, AT_EMPTY_PATH) = 0
ioctl(3, TCGETS, 0xffffe245d490)        = -1 ENOTTY (Inappropriate ioctl for device)
lseek(3, 0, SEEK_CUR)                   = 0
lseek(3, 0, SEEK_CUR)                   = 0
newfstatat(3, "", {st_mode=S_IFREG|0644, st_size=10530, ...}, AT_EMPTY_PATH) = 0
read(3, "o\r\r\n\0\0\0\0\4[\205dz?\0\0\343\0\0\0\0\0\0\0\0\0\0\0\0\0\0\0"..., 10531) = 10530
read(3, "", 1)                          = 0
close(3)                                = 0
newfstatat(AT_FDCWD, "/usr/lib/python3.10", {st_mode=S_IFDIR|0755, st_size=4096, ...}, 0) = 0
newfstatat(AT_FDCWD, "/usr/lib/python3.10/genericpath.py", {st_mode=S_IFREG|0644, st_size=4975, ...}, 0) = 0
newfstatat(AT_FDCWD, "/usr/lib/python3.10/genericpath.py", {st_mode=S_IFREG|0644, st_size=4975, ...}, 0) = 0
openat(AT_FDCWD, "/usr/lib/python3.10/__pycache__/genericpath.cpython-310.pyc", O_RDONLY|O_CLOEXEC) = 3
newfstatat(3, "", {st_mode=S_IFREG|0644, st_size=3907, ...}, AT_EMPTY_PATH) = 0
ioctl(3, TCGETS, 0xffffe245c5e0)        = -1 ENOTTY (Inappropriate ioctl for device)
lseek(3, 0, SEEK_CUR)                   = 0
lseek(3, 0, SEEK_CUR)                   = 0
newfstatat(3, "", {st_mode=S_IFREG|0644, st_size=3907, ...}, AT_EMPTY_PATH) = 0
read(3, "o\r\r\n\0\0\0\0\4[\205do\23\0\0\343\0\0\0\0\0\0\0\0\0\0\0\0\0\0\0"..., 3908) = 3907
read(3, "", 1)                          = 0
close(3)                                = 0
newfstatat(AT_FDCWD, "/usr/lib/python3.10", {st_mode=S_IFDIR|0755, st_size=4096, ...}, 0) = 0
newfstatat(AT_FDCWD, "/usr/lib/python3.10/_sitebuiltins.py", {st_mode=S_IFREG|0644, st_size=3128, ...}, 0) = 0
newfstatat(AT_FDCWD, "/usr/lib/python3.10/_sitebuiltins.py", {st_mode=S_IFREG|0644, st_size=3128, ...}, 0) = 0
openat(AT_FDCWD, "/usr/lib/python3.10/__pycache__/_sitebuiltins.cpython-310.pyc", O_RDONLY|O_CLOEXEC) = 3
newfstatat(3, "", {st_mode=S_IFREG|0644, st_size=3547, ...}, AT_EMPTY_PATH) = 0
ioctl(3, TCGETS, 0xffffe245e340)        = -1 ENOTTY (Inappropriate ioctl for device)
lseek(3, 0, SEEK_CUR)                   = 0
lseek(3, 0, SEEK_CUR)                   = 0
newfstatat(3, "", {st_mode=S_IFREG|0644, st_size=3547, ...}, AT_EMPTY_PATH) = 0
read(3, "o\r\r\n\0\0\0\0\4[\205d8\f\0\0\343\0\0\0\0\0\0\0\0\0\0\0\0\0\0\0"..., 3548) = 3547
read(3, "", 1)                          = 0
close(3)                                = 0
newfstatat(AT_FDCWD, "/usr/bin/pyvenv.cfg", 0xffffe245ee00, 0) = -1 ENOENT (No such file or directory)
newfstatat(AT_FDCWD, "/usr/pyvenv.cfg", 0xffffe245ee00, 0) = -1 ENOENT (No such file or directory)
geteuid()                               = 1000
getuid()                                = 1000
getegid()                               = 1000
getgid()                                = 1000
newfstatat(AT_FDCWD, "/home/ubuntu/.local/lib/python3.10/site-packages", 0xffffe245efe0, 0) = -1 ENOENT (No such file or directory)
newfstatat(AT_FDCWD, "/usr/local/lib/python3.10/dist-packages", {st_mode=S_IFDIR|0755, st_size=4096, ...}, 0) = 0
openat(AT_FDCWD, "/usr/local/lib/python3.10/dist-packages", O_RDONLY|O_NONBLOCK|O_CLOEXEC|O_DIRECTORY) = 3
newfstatat(3, "", {st_mode=S_IFDIR|0755, st_size=4096, ...}, AT_EMPTY_PATH) = 0
getdents64(3, 0xaaaada748070 /* 2 entries */, 32768) = 48
getdents64(3, 0xaaaada748070 /* 0 entries */, 32768) = 0
close(3)                                = 0
newfstatat(AT_FDCWD, "/usr/lib/python3/dist-packages", {st_mode=S_IFDIR|0755, st_size=8192, ...}, 0) = 0
openat(AT_FDCWD, "/usr/lib/python3/dist-packages", O_RDONLY|O_NONBLOCK|O_CLOEXEC|O_DIRECTORY) = 3
newfstatat(3, "", {st_mode=S_IFDIR|0755, st_size=8192, ...}, AT_EMPTY_PATH) = 0
getdents64(3, 0xaaaada748070 /* 167 entries */, 32768) = 6824
getdents64(3, 0xaaaada748070 /* 0 entries */, 32768) = 0
close(3)                                = 0
openat(AT_FDCWD, "/usr/lib/python3/dist-packages/zope.interface-5.4.0-nspkg.pth", O_RDONLY|O_CLOEXEC) = 3
newfstatat(3, "", {st_mode=S_IFREG|0644, st_size=529, ...}, AT_EMPTY_PATH) = 0
ioctl(3, TCGETS, 0xffffe245e980)        = -1 ENOTTY (Inappropriate ioctl for device)
lseek(3, 0, SEEK_CUR)                   = 0
ioctl(3, TCGETS, 0xffffe245ed10)        = -1 ENOTTY (Inappropriate ioctl for device)
read(3, "import sys, types, os;has_mfs = "..., 8192) = 529
newfstatat(AT_FDCWD, "/usr/lib/python3.10", {st_mode=S_IFDIR|0755, st_size=4096, ...}, 0) = 0
newfstatat(AT_FDCWD, "/usr/lib/python3.10/types.py", {st_mode=S_IFREG|0644, st_size=10117, ...}, 0) = 0
newfstatat(AT_FDCWD, "/usr/lib/python3.10/types.py", {st_mode=S_IFREG|0644, st_size=10117, ...}, 0) = 0
openat(AT_FDCWD, "/usr/lib/python3.10/__pycache__/types.cpython-310.pyc", O_RDONLY|O_CLOEXEC) = 4
newfstatat(4, "", {st_mode=S_IFREG|0644, st_size=9525, ...}, AT_EMPTY_PATH) = 0
ioctl(4, TCGETS, 0xffffe245d830)        = -1 ENOTTY (Inappropriate ioctl for device)
lseek(4, 0, SEEK_CUR)                   = 0
lseek(4, 0, SEEK_CUR)                   = 0
newfstatat(4, "", {st_mode=S_IFREG|0644, st_size=9525, ...}, AT_EMPTY_PATH) = 0
read(4, "o\r\r\n\0\0\0\0\4[\205d\205'\0\0\343\0\0\0\0\0\0\0\0\0\0\0\0\0\0\0"..., 9526) = 9525
read(4, "", 1)                          = 0
close(4)                                = 0
newfstatat(AT_FDCWD, "/usr/lib/python3.10", {st_mode=S_IFDIR|0755, st_size=4096, ...}, 0) = 0
newfstatat(AT_FDCWD, "/usr/lib/python3.10/importlib/__init__.cpython-310-aarch64-linux-gnu.so", 0xffffe245cc90, 0) = -1 ENOENT (No such file or directory)
newfstatat(AT_FDCWD, "/usr/lib/python3.10/importlib/__init__.abi3.so", 0xffffe245cc90, 0) = -1 ENOENT (No such file or directory)
newfstatat(AT_FDCWD, "/usr/lib/python3.10/importlib/__init__.so", 0xffffe245cc90, 0) = -1 ENOENT (No such file or directory)
newfstatat(AT_FDCWD, "/usr/lib/python3.10/importlib/__init__.py", {st_mode=S_IFREG|0644, st_size=6089, ...}, 0) = 0
newfstatat(AT_FDCWD, "/usr/lib/python3.10/importlib/__init__.py", {st_mode=S_IFREG|0644, st_size=6089, ...}, 0) = 0
openat(AT_FDCWD, "/usr/lib/python3.10/importlib/__pycache__/__init__.cpython-310.pyc", O_RDONLY|O_CLOEXEC) = 4
newfstatat(4, "", {st_mode=S_IFREG|0644, st_size=3805, ...}, AT_EMPTY_PATH) = 0
ioctl(4, TCGETS, 0xffffe245ce70)        = -1 ENOTTY (Inappropriate ioctl for device)
lseek(4, 0, SEEK_CUR)                   = 0
lseek(4, 0, SEEK_CUR)                   = 0
newfstatat(4, "", {st_mode=S_IFREG|0644, st_size=3805, ...}, AT_EMPTY_PATH) = 0
read(4, "o\r\r\n\0\0\0\0\4[\205d\311\27\0\0\343\0\0\0\0\0\0\0\0\0\0\0\0\0\0\0"..., 3806) = 3805
read(4, "", 1)                          = 0
close(4)                                = 0
newfstatat(AT_FDCWD, "/usr/lib/python3.10", {st_mode=S_IFDIR|0755, st_size=4096, ...}, 0) = 0
newfstatat(AT_FDCWD, "/usr/lib/python3.10/warnings.py", {st_mode=S_IFREG|0644, st_size=19688, ...}, 0) = 0
newfstatat(AT_FDCWD, "/usr/lib/python3.10/warnings.py", {st_mode=S_IFREG|0644, st_size=19688, ...}, 0) = 0
openat(AT_FDCWD, "/usr/lib/python3.10/__pycache__/warnings.cpython-310.pyc", O_RDONLY|O_CLOEXEC) = 4
newfstatat(4, "", {st_mode=S_IFREG|0644, st_size=13646, ...}, AT_EMPTY_PATH) = 0
ioctl(4, TCGETS, 0xffffe245bfc0)        = -1 ENOTTY (Inappropriate ioctl for device)
lseek(4, 0, SEEK_CUR)                   = 0
lseek(4, 0, SEEK_CUR)                   = 0
newfstatat(4, "", {st_mode=S_IFREG|0644, st_size=13646, ...}, AT_EMPTY_PATH) = 0
read(4, "o\r\r\n\0\0\0\0\4[\205d\350L\0\0\343\0\0\0\0\0\0\0\0\0\0\0\0\0\0\0"..., 13647) = 13646
read(4, "", 1)                          = 0
close(4)                                = 0
newfstatat(AT_FDCWD, "/usr/lib/python3.10/importlib", {st_mode=S_IFDIR|0755, st_size=4096, ...}, 0) = 0
newfstatat(AT_FDCWD, "/usr/lib/python3.10/importlib", {st_mode=S_IFDIR|0755, st_size=4096, ...}, 0) = 0
newfstatat(AT_FDCWD, "/usr/lib/python3.10/importlib", {st_mode=S_IFDIR|0755, st_size=4096, ...}, 0) = 0
openat(AT_FDCWD, "/usr/lib/python3.10/importlib", O_RDONLY|O_NONBLOCK|O_CLOEXEC|O_DIRECTORY) = 4
newfstatat(4, "", {st_mode=S_IFDIR|0755, st_size=4096, ...}, AT_EMPTY_PATH) = 0
getdents64(4, 0xaaaada751cc0 /* 15 entries */, 32768) = 488
getdents64(4, 0xaaaada751cc0 /* 0 entries */, 32768) = 0
close(4)                                = 0
newfstatat(AT_FDCWD, "/usr/lib/python3.10/importlib/util.py", {st_mode=S_IFREG|0644, st_size=11487, ...}, 0) = 0
newfstatat(AT_FDCWD, "/usr/lib/python3.10/importlib/util.py", {st_mode=S_IFREG|0644, st_size=11487, ...}, 0) = 0
openat(AT_FDCWD, "/usr/lib/python3.10/importlib/__pycache__/util.cpython-310.pyc", O_RDONLY|O_CLOEXEC) = 4
newfstatat(4, "", {st_mode=S_IFREG|0644, st_size=9329, ...}, AT_EMPTY_PATH) = 0
ioctl(4, TCGETS, 0xffffe245d760)        = -1 ENOTTY (Inappropriate ioctl for device)
lseek(4, 0, SEEK_CUR)                   = 0
lseek(4, 0, SEEK_CUR)                   = 0
newfstatat(4, "", {st_mode=S_IFREG|0644, st_size=9329, ...}, AT_EMPTY_PATH) = 0
read(4, "o\r\r\n\0\0\0\0\4[\205d\337,\0\0\343\0\0\0\0\0\0\0\0\0\0\0\0\0\0\0"..., 9330) = 9329
read(4, "", 1)                          = 0
close(4)                                = 0
newfstatat(AT_FDCWD, "/usr/lib/python3.10/importlib", {st_mode=S_IFDIR|0755, st_size=4096, ...}, 0) = 0
newfstatat(AT_FDCWD, "/usr/lib/python3.10/importlib/_abc.py", {st_mode=S_IFREG|0644, st_size=1852, ...}, 0) = 0
newfstatat(AT_FDCWD, "/usr/lib/python3.10/importlib/_abc.py", {st_mode=S_IFREG|0644, st_size=1852, ...}, 0) = 0
openat(AT_FDCWD, "/usr/lib/python3.10/importlib/__pycache__/_abc.cpython-310.pyc", O_RDONLY|O_CLOEXEC) = 4
newfstatat(4, "", {st_mode=S_IFREG|0644, st_size=1971, ...}, AT_EMPTY_PATH) = 0
ioctl(4, TCGETS, 0xffffe245c8b0)        = -1 ENOTTY (Inappropriate ioctl for device)
lseek(4, 0, SEEK_CUR)                   = 0
lseek(4, 0, SEEK_CUR)                   = 0
newfstatat(4, "", {st_mode=S_IFREG|0644, st_size=1971, ...}, AT_EMPTY_PATH) = 0
read(4, "o\r\r\n\0\0\0\0\4[\205d<\7\0\0\343\0\0\0\0\0\0\0\0\0\0\0\0\0\0\0"..., 1972) = 1971
read(4, "", 1)                          = 0
close(4)                                = 0
newfstatat(AT_FDCWD, "/usr/lib/python3.10", {st_mode=S_IFDIR|0755, st_size=4096, ...}, 0) = 0
newfstatat(AT_FDCWD, "/usr/lib/python3.10/contextlib.py", {st_mode=S_IFREG|0644, st_size=25882, ...}, 0) = 0
newfstatat(AT_FDCWD, "/usr/lib/python3.10/contextlib.py", {st_mode=S_IFREG|0644, st_size=25882, ...}, 0) = 0
openat(AT_FDCWD, "/usr/lib/python3.10/__pycache__/contextlib.cpython-310.pyc", O_RDONLY|O_CLOEXEC) = 4
newfstatat(4, "", {st_mode=S_IFREG|0644, st_size=20895, ...}, AT_EMPTY_PATH) = 0
ioctl(4, TCGETS, 0xffffe245c8b0)        = -1 ENOTTY (Inappropriate ioctl for device)
lseek(4, 0, SEEK_CUR)                   = 0
lseek(4, 0, SEEK_CUR)                   = 0
newfstatat(4, "", {st_mode=S_IFREG|0644, st_size=20895, ...}, AT_EMPTY_PATH) = 0
read(4, "o\r\r\n\0\0\0\0\4[\205d\32e\0\0\343\0\0\0\0\0\0\0\0\0\0\0\0\0\0\0"..., 20896) = 20895
read(4, "", 1)                          = 0
close(4)                                = 0
newfstatat(AT_FDCWD, "/usr/lib/python3.10", {st_mode=S_IFDIR|0755, st_size=4096, ...}, 0) = 0
newfstatat(AT_FDCWD, "/usr/lib/python3.10/collections/__init__.cpython-310-aarch64-linux-gnu.so", 0xffffe245b820, 0) = -1 ENOENT (No such file or directory)
newfstatat(AT_FDCWD, "/usr/lib/python3.10/collections/__init__.abi3.so", 0xffffe245b820, 0) = -1 ENOENT (No such file or directory)
newfstatat(AT_FDCWD, "/usr/lib/python3.10/collections/__init__.so", 0xffffe245b820, 0) = -1 ENOENT (No such file or directory)
newfstatat(AT_FDCWD, "/usr/lib/python3.10/collections/__init__.py", {st_mode=S_IFREG|0644, st_size=51398, ...}, 0) = 0
newfstatat(AT_FDCWD, "/usr/lib/python3.10/collections/__init__.py", {st_mode=S_IFREG|0644, st_size=51398, ...}, 0) = 0
openat(AT_FDCWD, "/usr/lib/python3.10/collections/__pycache__/__init__.cpython-310.pyc", O_RDONLY|O_CLOEXEC) = 4
newfstatat(4, "", {st_mode=S_IFREG|0644, st_size=48453, ...}, AT_EMPTY_PATH) = 0
ioctl(4, TCGETS, 0xffffe245ba00)        = -1 ENOTTY (Inappropriate ioctl for device)
lseek(4, 0, SEEK_CUR)                   = 0
lseek(4, 0, SEEK_CUR)                   = 0
newfstatat(4, "", {st_mode=S_IFREG|0644, st_size=48453, ...}, AT_EMPTY_PATH) = 0
brk(0xaaaada780000)                     = 0xaaaada780000
read(4, "o\r\r\n\0\0\0\0\4[\205d\306\310\0\0\343\0\0\0\0\0\0\0\0\0\0\0\0\0\0\0"..., 48454) = 48453
read(4, "", 1)                          = 0
close(4)                                = 0
newfstatat(AT_FDCWD, "/usr/lib/python3.10", {st_mode=S_IFDIR|0755, st_size=4096, ...}, 0) = 0
newfstatat(AT_FDCWD, "/usr/lib/python3.10/keyword.py", {st_mode=S_IFREG|0644, st_size=1061, ...}, 0) = 0
newfstatat(AT_FDCWD, "/usr/lib/python3.10/keyword.py", {st_mode=S_IFREG|0644, st_size=1061, ...}, 0) = 0
openat(AT_FDCWD, "/usr/lib/python3.10/__pycache__/keyword.cpython-310.pyc", O_RDONLY|O_CLOEXEC) = 4
newfstatat(4, "", {st_mode=S_IFREG|0644, st_size=927, ...}, AT_EMPTY_PATH) = 0
ioctl(4, TCGETS, 0xffffe245ab50)        = -1 ENOTTY (Inappropriate ioctl for device)
lseek(4, 0, SEEK_CUR)                   = 0
lseek(4, 0, SEEK_CUR)                   = 0
newfstatat(4, "", {st_mode=S_IFREG|0644, st_size=927, ...}, AT_EMPTY_PATH) = 0
read(4, "o\r\r\n\0\0\0\0\4[\205d%\4\0\0\343\0\0\0\0\0\0\0\0\0\0\0\0\0\0\0"..., 928) = 927
read(4, "", 1)                          = 0
close(4)                                = 0
newfstatat(AT_FDCWD, "/usr/lib/python3.10", {st_mode=S_IFDIR|0755, st_size=4096, ...}, 0) = 0
newfstatat(AT_FDCWD, "/usr/lib/python3.10/operator.py", {st_mode=S_IFREG|0644, st_size=10751, ...}, 0) = 0
newfstatat(AT_FDCWD, "/usr/lib/python3.10/operator.py", {st_mode=S_IFREG|0644, st_size=10751, ...}, 0) = 0
openat(AT_FDCWD, "/usr/lib/python3.10/__pycache__/operator.cpython-310.pyc", O_RDONLY|O_CLOEXEC) = 4
newfstatat(4, "", {st_mode=S_IFREG|0644, st_size=13508, ...}, AT_EMPTY_PATH) = 0
ioctl(4, TCGETS, 0xffffe245ab50)        = -1 ENOTTY (Inappropriate ioctl for device)
lseek(4, 0, SEEK_CUR)                   = 0
lseek(4, 0, SEEK_CUR)                   = 0
newfstatat(4, "", {st_mode=S_IFREG|0644, st_size=13508, ...}, AT_EMPTY_PATH) = 0
read(4, "o\r\r\n\0\0\0\0\4[\205d\377)\0\0\343\0\0\0\0\0\0\0\0\0\0\0\0\0\0\0"..., 13509) = 13508
read(4, "", 1)                          = 0
close(4)                                = 0
newfstatat(AT_FDCWD, "/usr/lib/python3.10", {st_mode=S_IFDIR|0755, st_size=4096, ...}, 0) = 0
newfstatat(AT_FDCWD, "/usr/lib/python3.10/reprlib.py", {st_mode=S_IFREG|0644, st_size=5267, ...}, 0) = 0
newfstatat(AT_FDCWD, "/usr/lib/python3.10/reprlib.py", {st_mode=S_IFREG|0644, st_size=5267, ...}, 0) = 0
openat(AT_FDCWD, "/usr/lib/python3.10/__pycache__/reprlib.cpython-310.pyc", O_RDONLY|O_CLOEXEC) = 4
newfstatat(4, "", {st_mode=S_IFREG|0644, st_size=5250, ...}, AT_EMPTY_PATH) = 0
ioctl(4, TCGETS, 0xffffe245ab50)        = -1 ENOTTY (Inappropriate ioctl for device)
lseek(4, 0, SEEK_CUR)                   = 0
lseek(4, 0, SEEK_CUR)                   = 0
newfstatat(4, "", {st_mode=S_IFREG|0644, st_size=5250, ...}, AT_EMPTY_PATH) = 0
read(4, "o\r\r\n\0\0\0\0\4[\205d\223\24\0\0\343\0\0\0\0\0\0\0\0\0\0\0\0\0\0\0"..., 5251) = 5250
read(4, "", 1)                          = 0
close(4)                                = 0
newfstatat(AT_FDCWD, "/usr/lib/python3.10", {st_mode=S_IFDIR|0755, st_size=4096, ...}, 0) = 0
newfstatat(AT_FDCWD, "/usr/lib/python3.10/functools.py", {st_mode=S_IFREG|0644, st_size=38076, ...}, 0) = 0
newfstatat(AT_FDCWD, "/usr/lib/python3.10/functools.py", {st_mode=S_IFREG|0644, st_size=38076, ...}, 0) = 0
openat(AT_FDCWD, "/usr/lib/python3.10/__pycache__/functools.cpython-310.pyc", O_RDONLY|O_CLOEXEC) = 4
newfstatat(4, "", {st_mode=S_IFREG|0644, st_size=28335, ...}, AT_EMPTY_PATH) = 0
ioctl(4, TCGETS, 0xffffe245ba00)        = -1 ENOTTY (Inappropriate ioctl for device)
lseek(4, 0, SEEK_CUR)                   = 0
lseek(4, 0, SEEK_CUR)                   = 0
newfstatat(4, "", {st_mode=S_IFREG|0644, st_size=28335, ...}, AT_EMPTY_PATH) = 0
read(4, "o\r\r\n\0\0\0\0\4[\205d\274\224\0\0\343\0\0\0\0\0\0\0\0\0\0\0\0\0\0\0"..., 28336) = 28335
read(4, "", 1)                          = 0
close(4)                                = 0
newfstatat(AT_FDCWD, "/usr/lib/python3.10/importlib", {st_mode=S_IFDIR|0755, st_size=4096, ...}, 0) = 0
newfstatat(AT_FDCWD, "/usr/lib/python3.10/importlib/machinery.py", {st_mode=S_IFREG|0644, st_size=831, ...}, 0) = 0
newfstatat(AT_FDCWD, "/usr/lib/python3.10/importlib/machinery.py", {st_mode=S_IFREG|0644, st_size=831, ...}, 0) = 0
openat(AT_FDCWD, "/usr/lib/python3.10/importlib/__pycache__/machinery.cpython-310.pyc", O_RDONLY|O_CLOEXEC) = 4
newfstatat(4, "", {st_mode=S_IFREG|0644, st_size=944, ...}, AT_EMPTY_PATH) = 0
ioctl(4, TCGETS, 0xffffe245d760)        = -1 ENOTTY (Inappropriate ioctl for device)
lseek(4, 0, SEEK_CUR)                   = 0
lseek(4, 0, SEEK_CUR)                   = 0
newfstatat(4, "", {st_mode=S_IFREG|0644, st_size=944, ...}, AT_EMPTY_PATH) = 0
read(4, "o\r\r\n\0\0\0\0\4[\205d?\3\0\0\343\0\0\0\0\0\0\0\0\0\0\0\0\0\0\0"..., 945) = 944
read(4, "", 1)                          = 0
close(4)                                = 0
newfstatat(AT_FDCWD, "/usr/lib/python3/dist-packages", {st_mode=S_IFDIR|0755, st_size=8192, ...}, 0) = 0
newfstatat(AT_FDCWD, "/usr/lib/python3/dist-packages", {st_mode=S_IFDIR|0755, st_size=8192, ...}, 0) = 0
newfstatat(AT_FDCWD, "/usr/lib/python3/dist-packages", {st_mode=S_IFDIR|0755, st_size=8192, ...}, 0) = 0
openat(AT_FDCWD, "/usr/lib/python3/dist-packages", O_RDONLY|O_NONBLOCK|O_CLOEXEC|O_DIRECTORY) = 4
newfstatat(4, "", {st_mode=S_IFDIR|0755, st_size=8192, ...}, AT_EMPTY_PATH) = 0
getdents64(4, 0xaaaada76c910 /* 167 entries */, 32768) = 6824
getdents64(4, 0xaaaada76c910 /* 0 entries */, 32768) = 0
close(4)                                = 0
mmap(NULL, 1048576, PROT_READ|PROT_WRITE, MAP_PRIVATE|MAP_ANONYMOUS, -1, 0) = 0xffff84760000
newfstatat(AT_FDCWD, "/usr/lib/python3/dist-packages/zope/__init__.cpython-310-aarch64-linux-gnu.so", 0xffffe245de70, 0) = -1 ENOENT (No such file or directory)
newfstatat(AT_FDCWD, "/usr/lib/python3/dist-packages/zope/__init__.abi3.so", 0xffffe245de70, 0) = -1 ENOENT (No such file or directory)
newfstatat(AT_FDCWD, "/usr/lib/python3/dist-packages/zope/__init__.so", 0xffffe245de70, 0) = -1 ENOENT (No such file or directory)
newfstatat(AT_FDCWD, "/usr/lib/python3/dist-packages/zope/__init__.py", {st_mode=S_IFREG|0644, st_size=56, ...}, 0) = 0
read(3, "", 8192)                       = 0
close(3)                                = 0
newfstatat(AT_FDCWD, "/usr/lib/python3.10/dist-packages", 0xffffe245efe0, 0) = -1 ENOENT (No such file or directory)
newfstatat(AT_FDCWD, "/usr/lib/python3.10", {st_mode=S_IFDIR|0755, st_size=4096, ...}, 0) = 0
newfstatat(AT_FDCWD, "/usr/lib/python3.10/sitecustomize.py", {st_mode=S_IFREG|0644, st_size=155, ...}, 0) = 0
newfstatat(AT_FDCWD, "/usr/lib/python3.10/sitecustomize.py", {st_mode=S_IFREG|0644, st_size=155, ...}, 0) = 0
openat(AT_FDCWD, "/usr/lib/python3.10/__pycache__/sitecustomize.cpython-310.pyc", O_RDONLY|O_CLOEXEC) = 3
newfstatat(3, "", {st_mode=S_IFREG|0644, st_size=225, ...}, AT_EMPTY_PATH) = 0
ioctl(3, TCGETS, 0xffffe245df80)        = -1 ENOTTY (Inappropriate ioctl for device)
lseek(3, 0, SEEK_CUR)                   = 0
lseek(3, 0, SEEK_CUR)                   = 0
newfstatat(3, "", {st_mode=S_IFREG|0644, st_size=225, ...}, AT_EMPTY_PATH) = 0
read(3, "o\r\r\n\0\0\0\0\223\21Hb\233\0\0\0\343\0\0\0\0\0\0\0\0\0\0\0\0\0\0\0"..., 226) = 225
read(3, "", 1)                          = 0
close(3)                                = 0
newfstatat(AT_FDCWD, "/usr/lib/python3.10", {st_mode=S_IFDIR|0755, st_size=4096, ...}, 0) = 0
newfstatat(AT_FDCWD, "/usr/lib/python3.10/lib-dynload", {st_mode=S_IFDIR|0755, st_size=4096, ...}, 0) = 0
newfstatat(AT_FDCWD, "/usr/lib/python3.10/lib-dynload", {st_mode=S_IFDIR|0755, st_size=4096, ...}, 0) = 0
newfstatat(AT_FDCWD, "/usr/lib/python3.10/lib-dynload", {st_mode=S_IFDIR|0755, st_size=4096, ...}, 0) = 0
openat(AT_FDCWD, "/usr/lib/python3.10/lib-dynload", O_RDONLY|O_NONBLOCK|O_CLOEXEC|O_DIRECTORY) = 3
newfstatat(3, "", {st_mode=S_IFDIR|0755, st_size=4096, ...}, AT_EMPTY_PATH) = 0
getdents64(3, 0xaaaada748070 /* 49 entries */, 32768) = 3136
getdents64(3, 0xaaaada748070 /* 0 entries */, 32768) = 0
close(3)                                = 0
newfstatat(AT_FDCWD, "/usr/local/lib/python3.10/dist-packages", {st_mode=S_IFDIR|0755, st_size=4096, ...}, 0) = 0
newfstatat(AT_FDCWD, "/usr/local/lib/python3.10/dist-packages", {st_mode=S_IFDIR|0755, st_size=4096, ...}, 0) = 0
newfstatat(AT_FDCWD, "/usr/local/lib/python3.10/dist-packages", {st_mode=S_IFDIR|0755, st_size=4096, ...}, 0) = 0
openat(AT_FDCWD, "/usr/local/lib/python3.10/dist-packages", O_RDONLY|O_NONBLOCK|O_CLOEXEC|O_DIRECTORY) = 3
newfstatat(3, "", {st_mode=S_IFDIR|0755, st_size=4096, ...}, AT_EMPTY_PATH) = 0
getdents64(3, 0xaaaada748070 /* 2 entries */, 32768) = 48
getdents64(3, 0xaaaada748070 /* 0 entries */, 32768) = 0
close(3)                                = 0
newfstatat(AT_FDCWD, "/usr/lib/python3/dist-packages", {st_mode=S_IFDIR|0755, st_size=8192, ...}, 0) = 0
newfstatat(AT_FDCWD, "/usr/lib/python3/dist-packages/apport_python_hook.py", {st_mode=S_IFREG|0644, st_size=8063, ...}, 0) = 0
newfstatat(AT_FDCWD, "/usr/lib/python3/dist-packages/apport_python_hook.py", {st_mode=S_IFREG|0644, st_size=8063, ...}, 0) = 0
openat(AT_FDCWD, "/usr/lib/python3/dist-packages/__pycache__/apport_python_hook.cpython-310.pyc", O_RDONLY|O_CLOEXEC) = 3
newfstatat(3, "", {st_mode=S_IFREG|0644, st_size=4661, ...}, AT_EMPTY_PATH) = 0
ioctl(3, TCGETS, 0xffffe245d0d0)        = -1 ENOTTY (Inappropriate ioctl for device)
lseek(3, 0, SEEK_CUR)                   = 0
lseek(3, 0, SEEK_CUR)                   = 0
newfstatat(3, "", {st_mode=S_IFREG|0644, st_size=4661, ...}, AT_EMPTY_PATH) = 0
read(3, "o\r\r\n\0\0\0\0j\2138d\177\37\0\0\343\0\0\0\0\0\0\0\0\0\0\0\0\0\0\0"..., 4662) = 4661
read(3, "", 1)                          = 0
close(3)                                = 0
newfstatat(AT_FDCWD, "/usr/lib/python3.10", {st_mode=S_IFDIR|0755, st_size=4096, ...}, 0) = 0
newfstatat(AT_FDCWD, "/usr/lib/python3.10/lib-dynload", {st_mode=S_IFDIR|0755, st_size=4096, ...}, 0) = 0
newfstatat(AT_FDCWD, "/usr/local/lib/python3.10/dist-packages", {st_mode=S_IFDIR|0755, st_size=4096, ...}, 0) = 0
newfstatat(AT_FDCWD, "/usr/lib/python3/dist-packages", {st_mode=S_IFDIR|0755, st_size=8192, ...}, 0) = 0
newfstatat(AT_FDCWD, "/home/ubuntu/study/linux/./hello.py", {st_mode=S_IFREG|0664, st_size=40, ...}, 0) = 0
openat(AT_FDCWD, "/home/ubuntu/study/linux/./hello.py", O_RDONLY|O_CLOEXEC) = 3
newfstatat(3, "", {st_mode=S_IFREG|0664, st_size=40, ...}, AT_EMPTY_PATH) = 0
ioctl(3, TCGETS, 0xffffe24600c0)        = -1 ENOTTY (Inappropriate ioctl for device)
lseek(3, 0, SEEK_CUR)                   = 0
lseek(3, 0, SEEK_CUR)                   = 0
lseek(3, -22, SEEK_END)                 = 18
lseek(3, 0, SEEK_CUR)                   = 18
read(3, "\nprint(\"hello wrold\")\n", 4096) = 22
lseek(3, 0, SEEK_END)                   = 40
lseek(3, 0, SEEK_CUR)                   = 40
lseek(3, 0, SEEK_SET)                   = 0
lseek(3, 0, SEEK_CUR)                   = 0
newfstatat(3, "", {st_mode=S_IFREG|0664, st_size=40, ...}, AT_EMPTY_PATH) = 0
read(3, "#!/usr/bin/python3\nprint(\"hello "..., 41) = 40
read(3, "", 1)                          = 0
lseek(3, 0, SEEK_SET)                   = 0
close(3)                                = 0
newfstatat(AT_FDCWD, "/home/ubuntu/study/linux/./hello.py", {st_mode=S_IFREG|0664, st_size=40, ...}, 0) = 0
readlinkat(AT_FDCWD, "./hello.py", 0xffffe244fb60, 4096) = -1 EINVAL (Invalid argument)
getcwd("/home/ubuntu/study/linux", 1024) = 25
readlinkat(AT_FDCWD, "/home/ubuntu/study/linux/hello.py", 0xffffe244f2d0, 1023) = -1 EINVAL (Invalid argument)
openat(AT_FDCWD, "/home/ubuntu/study/linux/./hello.py", O_RDONLY) = 3
ioctl(3, FIOCLEX)                       = 0
newfstatat(3, "", {st_mode=S_IFREG|0664, st_size=40, ...}, AT_EMPTY_PATH) = 0
ioctl(3, TCGETS, 0xffffe2460ab0)        = -1 ENOTTY (Inappropriate ioctl for device)
lseek(3, 0, SEEK_CUR)                   = 0
newfstatat(3, "", {st_mode=S_IFREG|0664, st_size=40, ...}, AT_EMPTY_PATH) = 0
read(3, "#!/usr/bin/python3\nprint(\"hello "..., 4096) = 40
lseek(3, 0, SEEK_SET)                   = 0
read(3, "#!/usr/bin/python3\nprint(\"hello "..., 4096) = 40
read(3, "", 4096)                       = 0
close(3)                                = 0
write(1, "hello wrold\n", 12)           = 12
rt_sigaction(SIGINT, {sa_handler=SIG_DFL, sa_mask=[], sa_flags=SA_ONSTACK}, {sa_handler=0xaaaad26fe1b0, sa_mask=[], sa_flags=SA_ONSTACK}, 8) = 0
munmap(0xffff84860000, 151552)          = 0
exit_group(0)                           = ?
+++ exited with 0 +++
